build/app/intermediates/manifest_merge_blame_file/debug/manifest-merger-blame-debug-report.txt
1<?xml version="1.0" encoding="utf-8"?>
2<manifest xmlns:android="http://schemas.android.com/apk/res/android"
3    package="com.shadow.blackhole"
4    android:versionCode="40"
5    android:versionName="1.15.9" >
6
7    <uses-sdk
8        android:minSdkVersion="21"
9        android:targetSdkVersion="29" />
10    <!--
11         Flutter needs it to communicate with the running application
12         to allow setting breakpoints, to provide hot reload, etc.
13    -->
14    <uses-permission android:name="android.permission.INTERNET" />
14-->src/main/AndroidManifest.xml:10:5-67
14-->src/main/AndroidManifest.xml:10:22-64
15    <uses-permission android:name="android.permission.WRITE_EXTERNAL_STORAGE" />
15-->src/main/AndroidManifest.xml:5:5-81
15-->src/main/AndroidManifest.xml:5:22-78
16    <uses-permission android:name="android.permission.READ_EXTERNAL_STORAGE" />
16-->src/main/AndroidManifest.xml:6:5-80
16-->src/main/AndroidManifest.xml:6:22-77
17    <uses-permission
17-->src/main/AndroidManifest.xml:7:5-9:38
18        android:name="android.permission.MANAGE_EXTERNAL_STORAGE"
18-->src/main/AndroidManifest.xml:8:9-66
19        android:minSdkVersion="30" />
19-->src/main/AndroidManifest.xml:9:9-35
20    <uses-permission android:name="android.permission.WAKE_LOCK" />
20-->src/main/AndroidManifest.xml:11:5-68
20-->src/main/AndroidManifest.xml:11:22-65
21    <uses-permission android:name="android.permission.FOREGROUND_SERVICE" />
21-->src/main/AndroidManifest.xml:12:5-77
21-->src/main/AndroidManifest.xml:12:22-74
22
23    <queries>
23-->[:file_picker] AndroidManifest.xml:11:5-17:15
24        <intent>
24-->[:file_picker] AndroidManifest.xml:12:9-16:18
25            <action android:name="android.intent.action.GET_CONTENT" />
25-->src/main/AndroidManifest.xml:128:17-76
25-->src/main/AndroidManifest.xml:128:25-73
26
27            <data android:mimeType="*/*" />
27-->src/main/AndroidManifest.xml:85:17-52
28        </intent>
29        <intent>
29-->[androidx.media2:media2-session:1.2.1] AndroidManifest.xml:25:9-27:18
30            <action android:name="android.media.browse.MediaBrowserService" />
30-->src/main/AndroidManifest.xml:313:17-83
30-->src/main/AndroidManifest.xml:313:25-80
31        </intent>
32        <intent>
32-->[androidx.media2:media2-session:1.2.1] AndroidManifest.xml:28:9-30:18
33            <action android:name="androidx.media2.session.MediaSessionService" />
33-->[androidx.media2:media2-session:1.2.1] AndroidManifest.xml:29:13-82
33-->[androidx.media2:media2-session:1.2.1] AndroidManifest.xml:29:21-79
34        </intent>
35        <intent>
35-->[androidx.media2:media2-session:1.2.1] AndroidManifest.xml:31:9-33:18
36            <action android:name="androidx.media2.session.MediaLibraryService" />
36-->[androidx.media2:media2-session:1.2.1] AndroidManifest.xml:32:13-82
36-->[androidx.media2:media2-session:1.2.1] AndroidManifest.xml:32:21-79
37        </intent>
38    </queries>
39
40    <uses-permission android:name="android.permission.ACCESS_NETWORK_STATE" />
40-->[:connectivity_plus] AndroidManifest.xml:9:5-79
40-->[:connectivity_plus] AndroidManifest.xml:9:22-76
41    <uses-permission android:name="android.permission.RECEIVE_BOOT_COMPLETED" />
41-->[androidx.work:work-runtime:2.7.1] AndroidManifest.xml:27:5-81
41-->[androidx.work:work-runtime:2.7.1] AndroidManifest.xml:27:22-78
42
43    <permission
43-->[androidx.core:core:1.10.1] AndroidManifest.xml:22:5-24:47
44        android:name="com.shadow.blackhole.DYNAMIC_RECEIVER_NOT_EXPORTED_PERMISSION"
44-->[androidx.core:core:1.10.1] AndroidManifest.xml:23:9-81
45        android:protectionLevel="signature" />
45-->[androidx.core:core:1.10.1] AndroidManifest.xml:24:9-44
46
47    <uses-permission android:name="com.shadow.blackhole.DYNAMIC_RECEIVER_NOT_EXPORTED_PERMISSION" />
47-->[androidx.core:core:1.10.1] AndroidManifest.xml:26:5-97
47-->[androidx.core:core:1.10.1] AndroidManifest.xml:26:22-94
48
49    <application
49-->src/main/AndroidManifest.xml:14:5-336:19
50        android:appComponentFactory="androidx.core.app.CoreComponentFactory"
50-->[androidx.core:core:1.10.1] AndroidManifest.xml:28:18-86
51        android:debuggable="true"
52        android:icon="@mipmap/ic_launcher"
52-->src/main/AndroidManifest.xml:15:9-43
53        android:label="BlackHole"
53-->src/main/AndroidManifest.xml:16:9-34
54        android:requestLegacyExternalStorage="true"
54-->src/main/AndroidManifest.xml:18:9-52
55        android:usesCleartextTraffic="true" >
55-->src/main/AndroidManifest.xml:17:9-44
56        <meta-data
56-->src/main/AndroidManifest.xml:20:9-22:59
57            android:name="com.google.android.gms.car.application"
57-->src/main/AndroidManifest.xml:21:13-66
58            android:resource="@xml/automotive_app_desc" />
58-->src/main/AndroidManifest.xml:22:13-56
59
60        <receiver
60-->src/main/AndroidManifest.xml:24:9-34:20
61            android:name="com.shadow.blackhole.BlackHoleMusicWidget"
61-->src/main/AndroidManifest.xml:25:13-48
62            android:exported="true" >
62-->src/main/AndroidManifest.xml:26:13-36
63            <intent-filter>
63-->src/main/AndroidManifest.xml:27:13-29:29
64                <action android:name="android.appwidget.action.APPWIDGET_UPDATE" />
64-->src/main/AndroidManifest.xml:28:17-84
64-->src/main/AndroidManifest.xml:28:25-81
65            </intent-filter>
66
67            <meta-data
67-->src/main/AndroidManifest.xml:31:13-33:72
68                android:name="android.appwidget.provider"
68-->src/main/AndroidManifest.xml:32:17-58
69                android:resource="@xml/black_hole_music_widget_info" />
69-->src/main/AndroidManifest.xml:33:17-69
70        </receiver>
71
72        <activity
72-->src/main/AndroidManifest.xml:36:9-300:20
73            android:name="com.ryanheise.audioservice.AudioServiceActivity"
73-->src/main/AndroidManifest.xml:37:13-75
74            android:configChanges="orientation|keyboardHidden|keyboard|screenSize|smallestScreenSize|locale|layoutDirection|fontScale|screenLayout|density|uiMode"
74-->src/main/AndroidManifest.xml:38:13-163
75            android:exported="true"
75-->src/main/AndroidManifest.xml:39:13-36
76            android:hardwareAccelerated="true"
76-->src/main/AndroidManifest.xml:40:13-47
77            android:launchMode="singleTask"
77-->src/main/AndroidManifest.xml:41:13-44
78            android:theme="@style/LaunchTheme"
78-->src/main/AndroidManifest.xml:42:13-47
79            android:windowSoftInputMode="adjustResize" >
79-->src/main/AndroidManifest.xml:43:13-55
80
81            <!--
82                 Specifies an Android theme to apply to this Activity as soon as
83                 the Android process has started. This theme is visible to the user
84                 while the Flutter UI initializes. After that, this theme continues
85                 to determine the Window background behind the Flutter UI.
86            -->
87            <meta-data
87-->src/main/AndroidManifest.xml:51:13-53:57
88                android:name="io.flutter.embedding.android.NormalTheme"
88-->src/main/AndroidManifest.xml:52:17-72
89                android:resource="@style/NormalTheme" />
89-->src/main/AndroidManifest.xml:53:17-54
90            <!--
91                 Displays an Android View that continues showing the launch screen
92                 Drawable until Flutter paints its first frame, then this splash
93                 screen fades out. A splash screen is useful to avoid any visual
94                 gap between the end of Android's launch screen and the painting of
95                 Flutter's first frame.
96            -->
97            <meta-data
97-->src/main/AndroidManifest.xml:61:13-63:66
98                android:name="io.flutter.embedding.android.SplashScreenDrawable"
98-->src/main/AndroidManifest.xml:62:17-81
99                android:resource="@drawable/launch_background" />
99-->src/main/AndroidManifest.xml:63:17-63
100
101            <intent-filter>
101-->src/main/AndroidManifest.xml:65:13-72:29
102                <action android:name="android.intent.action.MAIN" />
102-->src/main/AndroidManifest.xml:66:17-69
102-->src/main/AndroidManifest.xml:66:25-66
103                <action android:name="android.intent.action.MUSIC_PLAYER" />
103-->src/main/AndroidManifest.xml:67:17-77
103-->src/main/AndroidManifest.xml:67:25-74
104
105                <category android:name="android.intent.category.LAUNCHER" />
105-->src/main/AndroidManifest.xml:69:17-77
105-->src/main/AndroidManifest.xml:69:27-74
106                <category android:name="android.intent.category.APP_MUSIC" />
106-->src/main/AndroidManifest.xml:70:17-78
106-->src/main/AndroidManifest.xml:70:27-75
107                <category android:name="android.intent.category.DEFAULT" />
107-->src/main/AndroidManifest.xml:71:17-76
107-->src/main/AndroidManifest.xml:71:27-73
108            </intent-filter>
109
110            <!-- Deep Link -> -->
111            <meta-data
111-->src/main/AndroidManifest.xml:75:13-77:40
112                android:name="flutter_deeplinking_enabled"
112-->src/main/AndroidManifest.xml:76:17-59
113                android:value="true" />
113-->src/main/AndroidManifest.xml:77:17-37
114
115            <intent-filter android:autoVerify="true" >
115-->src/main/AndroidManifest.xml:79:13-86:29
115-->src/main/AndroidManifest.xml:79:28-53
116                <action android:name="android.intent.action.VIEW" />
116-->src/main/AndroidManifest.xml:80:17-69
116-->src/main/AndroidManifest.xml:80:25-66
117
118                <category android:name="android.intent.category.DEFAULT" />
118-->src/main/AndroidManifest.xml:71:17-76
118-->src/main/AndroidManifest.xml:71:27-73
119                <category android:name="android.intent.category.BROWSABLE" />
119-->src/main/AndroidManifest.xml:83:17-78
119-->src/main/AndroidManifest.xml:83:27-75
120
121                <data android:scheme="blackhole" />
121-->src/main/AndroidManifest.xml:85:17-52
121-->src/main/AndroidManifest.xml:85:23-49
122            </intent-filter>
123            <intent-filter android:autoVerify="true" >
123-->src/main/AndroidManifest.xml:87:13-97:29
123-->src/main/AndroidManifest.xml:87:28-53
124                <action android:name="android.intent.action.VIEW" />
124-->src/main/AndroidManifest.xml:80:17-69
124-->src/main/AndroidManifest.xml:80:25-66
125
126                <category android:name="android.intent.category.DEFAULT" />
126-->src/main/AndroidManifest.xml:71:17-76
126-->src/main/AndroidManifest.xml:71:27-73
127                <category android:name="android.intent.category.BROWSABLE" />
127-->src/main/AndroidManifest.xml:83:17-78
127-->src/main/AndroidManifest.xml:83:27-75
128
129                <data
129-->src/main/AndroidManifest.xml:85:17-52
130                    android:host="blackhole"
131                    android:pathPrefix="/play"
132                    android:scheme="app" />
132-->src/main/AndroidManifest.xml:85:23-49
133            </intent-filter>
134            <intent-filter android:autoVerify="true" >
134-->src/main/AndroidManifest.xml:98:13-108:29
134-->src/main/AndroidManifest.xml:98:28-53
135                <action android:name="android.intent.action.VIEW" />
135-->src/main/AndroidManifest.xml:80:17-69
135-->src/main/AndroidManifest.xml:80:25-66
136
137                <category android:name="android.intent.category.BROWSABLE" />
137-->src/main/AndroidManifest.xml:83:17-78
137-->src/main/AndroidManifest.xml:83:27-75
138                <category android:name="android.intent.category.DEFAULT" />
138-->src/main/AndroidManifest.xml:71:17-76
138-->src/main/AndroidManifest.xml:71:27-73
139
140                <data android:scheme="http" />
140-->src/main/AndroidManifest.xml:85:17-52
140-->src/main/AndroidManifest.xml:85:23-49
141                <data android:scheme="https" />
141-->src/main/AndroidManifest.xml:85:17-52
141-->src/main/AndroidManifest.xml:85:23-49
142                <data android:host="jiosaavn.com" />
142-->src/main/AndroidManifest.xml:85:17-52
143                <data android:host="www.jiosaavn.com" />
143-->src/main/AndroidManifest.xml:85:17-52
144            </intent-filter>
145            <intent-filter android:autoVerify="true" >
145-->src/main/AndroidManifest.xml:109:13-117:29
145-->src/main/AndroidManifest.xml:109:28-53
146                <action android:name="android.intent.action.VIEW" />
146-->src/main/AndroidManifest.xml:80:17-69
146-->src/main/AndroidManifest.xml:80:25-66
147
148                <category android:name="android.intent.category.BROWSABLE" />
148-->src/main/AndroidManifest.xml:83:17-78
148-->src/main/AndroidManifest.xml:83:27-75
149                <category android:name="android.intent.category.DEFAULT" />
149-->src/main/AndroidManifest.xml:71:17-76
149-->src/main/AndroidManifest.xml:71:27-73
150
151                <data android:scheme="https" />
151-->src/main/AndroidManifest.xml:85:17-52
151-->src/main/AndroidManifest.xml:85:23-49
152                <data android:host="*spotify.com" />
152-->src/main/AndroidManifest.xml:85:17-52
153            </intent-filter>
154            <intent-filter android:autoVerify="true" >
154-->src/main/AndroidManifest.xml:118:13-126:29
154-->src/main/AndroidManifest.xml:118:28-53
155                <action android:name="android.intent.action.VIEW" />
155-->src/main/AndroidManifest.xml:80:17-69
155-->src/main/AndroidManifest.xml:80:25-66
156
157                <category android:name="android.intent.category.BROWSABLE" />
157-->src/main/AndroidManifest.xml:83:17-78
157-->src/main/AndroidManifest.xml:83:27-75
158                <category android:name="android.intent.category.DEFAULT" />
158-->src/main/AndroidManifest.xml:71:17-76
158-->src/main/AndroidManifest.xml:71:27-73
159
160                <data android:scheme="https" />
160-->src/main/AndroidManifest.xml:85:17-52
160-->src/main/AndroidManifest.xml:85:23-49
161                <data android:host="*youtube.com" />
161-->src/main/AndroidManifest.xml:85:17-52
162            </intent-filter>
163            <intent-filter>
163-->src/main/AndroidManifest.xml:127:13-133:29
164                <action android:name="android.intent.action.GET_CONTENT" />
164-->src/main/AndroidManifest.xml:128:17-76
164-->src/main/AndroidManifest.xml:128:25-73
165
166                <category android:name="android.intent.category.DEFAULT" />
166-->src/main/AndroidManifest.xml:71:17-76
166-->src/main/AndroidManifest.xml:71:27-73
167
168                <data android:mimeType="audio/*" />
168-->src/main/AndroidManifest.xml:85:17-52
169            </intent-filter>
170            <intent-filter>
170-->src/main/AndroidManifest.xml:134:13-153:29
171                <action android:name="android.intent.action.VIEW" />
171-->src/main/AndroidManifest.xml:80:17-69
171-->src/main/AndroidManifest.xml:80:25-66
172
173                <category android:name="android.intent.category.DEFAULT" />
173-->src/main/AndroidManifest.xml:71:17-76
173-->src/main/AndroidManifest.xml:71:27-73
174                <category android:name="android.intent.category.BROWSABLE" />
174-->src/main/AndroidManifest.xml:83:17-78
174-->src/main/AndroidManifest.xml:83:27-75
175
176                <data android:scheme="" />
176-->src/main/AndroidManifest.xml:85:17-52
176-->src/main/AndroidManifest.xml:85:23-49
177                <data android:scheme="file" />
177-->src/main/AndroidManifest.xml:85:17-52
177-->src/main/AndroidManifest.xml:85:23-49
178                <data android:scheme="ftp" />
178-->src/main/AndroidManifest.xml:85:17-52
178-->src/main/AndroidManifest.xml:85:23-49
179                <data android:scheme="ftps" />
179-->src/main/AndroidManifest.xml:85:17-52
179-->src/main/AndroidManifest.xml:85:23-49
180                <data android:scheme="sftp" />
180-->src/main/AndroidManifest.xml:85:17-52
180-->src/main/AndroidManifest.xml:85:23-49
181                <data android:scheme="content" />
181-->src/main/AndroidManifest.xml:85:17-52
181-->src/main/AndroidManifest.xml:85:23-49
182                <data android:scheme="http" />
182-->src/main/AndroidManifest.xml:85:17-52
182-->src/main/AndroidManifest.xml:85:23-49
183                <data android:scheme="https" />
183-->src/main/AndroidManifest.xml:85:17-52
183-->src/main/AndroidManifest.xml:85:23-49
184                <data android:scheme="smb" />
184-->src/main/AndroidManifest.xml:85:17-52
184-->src/main/AndroidManifest.xml:85:23-49
185                <data android:mimeType="audio/*" />
185-->src/main/AndroidManifest.xml:85:17-52
186                <data android:mimeType="application/ogg" />
186-->src/main/AndroidManifest.xml:85:17-52
187                <data android:mimeType="application/x-ogg" />
187-->src/main/AndroidManifest.xml:85:17-52
188                <data android:mimeType="application/itunes" />
188-->src/main/AndroidManifest.xml:85:17-52
189            </intent-filter>
190            <intent-filter>
190-->src/main/AndroidManifest.xml:154:13-263:29
191                <action android:name="android.intent.action.VIEW" />
191-->src/main/AndroidManifest.xml:80:17-69
191-->src/main/AndroidManifest.xml:80:25-66
192
193                <category android:name="android.intent.category.DEFAULT" />
193-->src/main/AndroidManifest.xml:71:17-76
193-->src/main/AndroidManifest.xml:71:27-73
194                <category android:name="android.intent.category.BROWSABLE" />
194-->src/main/AndroidManifest.xml:83:17-78
194-->src/main/AndroidManifest.xml:83:27-75
195
196                <data android:scheme="" />
196-->src/main/AndroidManifest.xml:85:17-52
196-->src/main/AndroidManifest.xml:85:23-49
197                <data android:scheme="file" />
197-->src/main/AndroidManifest.xml:85:17-52
197-->src/main/AndroidManifest.xml:85:23-49
198                <data android:scheme="ftp" />
198-->src/main/AndroidManifest.xml:85:17-52
198-->src/main/AndroidManifest.xml:85:23-49
199                <data android:scheme="content" />
199-->src/main/AndroidManifest.xml:85:17-52
199-->src/main/AndroidManifest.xml:85:23-49
200                <data android:scheme="http" />
200-->src/main/AndroidManifest.xml:85:17-52
200-->src/main/AndroidManifest.xml:85:23-49
201                <data android:scheme="https" />
201-->src/main/AndroidManifest.xml:85:17-52
201-->src/main/AndroidManifest.xml:85:23-49
202                <data android:host="*" />
202-->src/main/AndroidManifest.xml:85:17-52
203                <data android:pathPattern=".*\\.3ga" />
203-->src/main/AndroidManifest.xml:85:17-52
204                <data android:pathPattern=".*\\.a52" />
204-->src/main/AndroidManifest.xml:85:17-52
205                <data android:pathPattern=".*\\.aac" />
205-->src/main/AndroidManifest.xml:85:17-52
206                <data android:pathPattern=".*\\.ac3" />
206-->src/main/AndroidManifest.xml:85:17-52
207                <data android:pathPattern=".*\\.adt" />
207-->src/main/AndroidManifest.xml:85:17-52
208                <data android:pathPattern=".*\\.adts" />
208-->src/main/AndroidManifest.xml:85:17-52
209                <data android:pathPattern=".*\\.aif" />
209-->src/main/AndroidManifest.xml:85:17-52
210                <data android:pathPattern=".*\\.aifc" />
210-->src/main/AndroidManifest.xml:85:17-52
211                <data android:pathPattern=".*\\.aiff" />
211-->src/main/AndroidManifest.xml:85:17-52
212                <data android:pathPattern=".*\\.amr" />
212-->src/main/AndroidManifest.xml:85:17-52
213                <data android:pathPattern=".*\\.aob" />
213-->src/main/AndroidManifest.xml:85:17-52
214                <data android:pathPattern=".*\\.ape" />
214-->src/main/AndroidManifest.xml:85:17-52
215                <data android:pathPattern=".*\\.awb" />
215-->src/main/AndroidManifest.xml:85:17-52
216                <data android:pathPattern=".*\\.caf" />
216-->src/main/AndroidManifest.xml:85:17-52
217                <data android:pathPattern=".*\\.dts" />
217-->src/main/AndroidManifest.xml:85:17-52
218                <data android:pathPattern=".*\\.flac" />
218-->src/main/AndroidManifest.xml:85:17-52
219                <data android:pathPattern=".*\\.it" />
219-->src/main/AndroidManifest.xml:85:17-52
220                <data android:pathPattern=".*\\.m4a" />
220-->src/main/AndroidManifest.xml:85:17-52
221                <data android:pathPattern=".*\\.m4b" />
221-->src/main/AndroidManifest.xml:85:17-52
222                <data android:pathPattern=".*\\.m4p" />
222-->src/main/AndroidManifest.xml:85:17-52
223                <data android:pathPattern=".*\\.mid" />
223-->src/main/AndroidManifest.xml:85:17-52
224                <data android:pathPattern=".*\\.mka" />
224-->src/main/AndroidManifest.xml:85:17-52
225                <data android:pathPattern=".*\\.mlp" />
225-->src/main/AndroidManifest.xml:85:17-52
226                <data android:pathPattern=".*\\.mod" />
226-->src/main/AndroidManifest.xml:85:17-52
227                <data android:pathPattern=".*\\.mpa" />
227-->src/main/AndroidManifest.xml:85:17-52
228                <data android:pathPattern=".*\\.mp1" />
228-->src/main/AndroidManifest.xml:85:17-52
229                <data android:pathPattern=".*\\.mp2" />
229-->src/main/AndroidManifest.xml:85:17-52
230                <data android:pathPattern=".*\\.mp3" />
230-->src/main/AndroidManifest.xml:85:17-52
231                <data android:pathPattern=".*\\.mpc" />
231-->src/main/AndroidManifest.xml:85:17-52
232                <data android:pathPattern=".*\\.mpga" />
232-->src/main/AndroidManifest.xml:85:17-52
233                <data android:pathPattern=".*\\.oga" />
233-->src/main/AndroidManifest.xml:85:17-52
234                <data android:pathPattern=".*\\.ogg" />
234-->src/main/AndroidManifest.xml:85:17-52
235                <data android:pathPattern=".*\\.oma" />
235-->src/main/AndroidManifest.xml:85:17-52
236                <data android:pathPattern=".*\\.opus" />
236-->src/main/AndroidManifest.xml:85:17-52
237                <data android:pathPattern=".*\\.ra" />
237-->src/main/AndroidManifest.xml:85:17-52
238                <data android:pathPattern=".*\\.ram" />
238-->src/main/AndroidManifest.xml:85:17-52
239                <data android:pathPattern=".*\\.rmi" />
239-->src/main/AndroidManifest.xml:85:17-52
240                <data android:pathPattern=".*\\.s3m" />
240-->src/main/AndroidManifest.xml:85:17-52
241                <data android:pathPattern=".*\\.spx" />
241-->src/main/AndroidManifest.xml:85:17-52
242                <data android:pathPattern=".*\\.tta" />
242-->src/main/AndroidManifest.xml:85:17-52
243                <data android:pathPattern=".*\\.voc" />
243-->src/main/AndroidManifest.xml:85:17-52
244                <data android:pathPattern=".*\\.vqf" />
244-->src/main/AndroidManifest.xml:85:17-52
245                <data android:pathPattern=".*\\.w64" />
245-->src/main/AndroidManifest.xml:85:17-52
246                <data android:pathPattern=".*\\.wav" />
246-->src/main/AndroidManifest.xml:85:17-52
247                <data android:pathPattern=".*\\.wma" />
247-->src/main/AndroidManifest.xml:85:17-52
248                <data android:pathPattern=".*\\.wv" />
248-->src/main/AndroidManifest.xml:85:17-52
249                <data android:pathPattern=".*\\.xa" />
249-->src/main/AndroidManifest.xml:85:17-52
250                <data android:pathPattern=".*\\.xm" />
250-->src/main/AndroidManifest.xml:85:17-52
251                <data android:pathPattern=".*\\.3GA" />
251-->src/main/AndroidManifest.xml:85:17-52
252                <data android:pathPattern=".*\\.A52" />
252-->src/main/AndroidManifest.xml:85:17-52
253                <data android:pathPattern=".*\\.AAC" />
253-->src/main/AndroidManifest.xml:85:17-52
254                <data android:pathPattern=".*\\.AC3" />
254-->src/main/AndroidManifest.xml:85:17-52
255                <data android:pathPattern=".*\\.ADT" />
255-->src/main/AndroidManifest.xml:85:17-52
256                <data android:pathPattern=".*\\.ADTS" />
256-->src/main/AndroidManifest.xml:85:17-52
257                <data android:pathPattern=".*\\.AIF" />
257-->src/main/AndroidManifest.xml:85:17-52
258                <data android:pathPattern=".*\\.AIFC" />
258-->src/main/AndroidManifest.xml:85:17-52
259                <data android:pathPattern=".*\\.AIFF" />
259-->src/main/AndroidManifest.xml:85:17-52
260                <data android:pathPattern=".*\\.AMR" />
260-->src/main/AndroidManifest.xml:85:17-52
261                <data android:pathPattern=".*\\.AOB" />
261-->src/main/AndroidManifest.xml:85:17-52
262                <data android:pathPattern=".*\\.APE" />
262-->src/main/AndroidManifest.xml:85:17-52
263                <data android:pathPattern=".*\\.AWB" />
263-->src/main/AndroidManifest.xml:85:17-52
264                <data android:pathPattern=".*\\.CAF" />
264-->src/main/AndroidManifest.xml:85:17-52
265                <data android:pathPattern=".*\\.DTS" />
265-->src/main/AndroidManifest.xml:85:17-52
266                <data android:pathPattern=".*\\.FLAC" />
266-->src/main/AndroidManifest.xml:85:17-52
267                <data android:pathPattern=".*\\.IT" />
267-->src/main/AndroidManifest.xml:85:17-52
268                <data android:pathPattern=".*\\.M4A" />
268-->src/main/AndroidManifest.xml:85:17-52
269                <data android:pathPattern=".*\\.M4B" />
269-->src/main/AndroidManifest.xml:85:17-52
270                <data android:pathPattern=".*\\.M4P" />
270-->src/main/AndroidManifest.xml:85:17-52
271                <data android:pathPattern=".*\\.MID" />
271-->src/main/AndroidManifest.xml:85:17-52
272                <data android:pathPattern=".*\\.MKA" />
272-->src/main/AndroidManifest.xml:85:17-52
273                <data android:pathPattern=".*\\.MLP" />
273-->src/main/AndroidManifest.xml:85:17-52
274                <data android:pathPattern=".*\\.MOD" />
274-->src/main/AndroidManifest.xml:85:17-52
275                <data android:pathPattern=".*\\.MPA" />
275-->src/main/AndroidManifest.xml:85:17-52
276                <data android:pathPattern=".*\\.MP1" />
276-->src/main/AndroidManifest.xml:85:17-52
277                <data android:pathPattern=".*\\.MP2" />
277-->src/main/AndroidManifest.xml:85:17-52
278                <data android:pathPattern=".*\\.MP3" />
278-->src/main/AndroidManifest.xml:85:17-52
279                <data android:pathPattern=".*\\.MPC" />
279-->src/main/AndroidManifest.xml:85:17-52
280                <data android:pathPattern=".*\\.MPGA" />
280-->src/main/AndroidManifest.xml:85:17-52
281                <data android:pathPattern=".*\\.OGA" />
281-->src/main/AndroidManifest.xml:85:17-52
282                <data android:pathPattern=".*\\.OGG" />
282-->src/main/AndroidManifest.xml:85:17-52
283                <data android:pathPattern=".*\\.OMA" />
283-->src/main/AndroidManifest.xml:85:17-52
284                <data android:pathPattern=".*\\.OPUS" />
284-->src/main/AndroidManifest.xml:85:17-52
285                <data android:pathPattern=".*\\.RA" />
285-->src/main/AndroidManifest.xml:85:17-52
286                <data android:pathPattern=".*\\.RAM" />
286-->src/main/AndroidManifest.xml:85:17-52
287                <data android:pathPattern=".*\\.RMI" />
287-->src/main/AndroidManifest.xml:85:17-52
288                <data android:pathPattern=".*\\.S3M" />
288-->src/main/AndroidManifest.xml:85:17-52
289                <data android:pathPattern=".*\\.SPX" />
289-->src/main/AndroidManifest.xml:85:17-52
290                <data android:pathPattern=".*\\.TTA" />
290-->src/main/AndroidManifest.xml:85:17-52
291                <data android:pathPattern=".*\\.VOC" />
291-->src/main/AndroidManifest.xml:85:17-52
292                <data android:pathPattern=".*\\.VQF" />
292-->src/main/AndroidManifest.xml:85:17-52
293                <data android:pathPattern=".*\\.W64" />
293-->src/main/AndroidManifest.xml:85:17-52
294                <data android:pathPattern=".*\\.WAV" />
294-->src/main/AndroidManifest.xml:85:17-52
295                <data android:pathPattern=".*\\.WMA" />
295-->src/main/AndroidManifest.xml:85:17-52
296                <data android:pathPattern=".*\\.WV" />
296-->src/main/AndroidManifest.xml:85:17-52
297                <data android:pathPattern=".*\\.XA" />
297-->src/main/AndroidManifest.xml:85:17-52
298                <data android:pathPattern=".*\\.XM" />
298-->src/main/AndroidManifest.xml:85:17-52
299            </intent-filter>
300            <intent-filter>
300-->src/main/AndroidManifest.xml:264:13-270:29
301                <action android:name="android.intent.action.SEND" />
301-->src/main/AndroidManifest.xml:265:17-69
301-->src/main/AndroidManifest.xml:265:25-66
302
303                <category android:name="android.intent.category.DEFAULT" />
303-->src/main/AndroidManifest.xml:71:17-76
303-->src/main/AndroidManifest.xml:71:27-73
304
305                <data android:mimeType="text/plain" />
305-->src/main/AndroidManifest.xml:85:17-52
306            </intent-filter>
307            <intent-filter>
307-->src/main/AndroidManifest.xml:271:13-277:29
308                <action android:name="android.intent.action.SEND" />
308-->src/main/AndroidManifest.xml:265:17-69
308-->src/main/AndroidManifest.xml:265:25-66
309
310                <category android:name="android.intent.category.DEFAULT" />
310-->src/main/AndroidManifest.xml:71:17-76
310-->src/main/AndroidManifest.xml:71:27-73
311
312                <data android:mimeType="application/json" />
312-->src/main/AndroidManifest.xml:85:17-52
313            </intent-filter>
314            <intent-filter>
314-->src/main/AndroidManifest.xml:278:13-284:29
315                <action android:name="android.intent.action.SEND_MULTIPLE" />
315-->src/main/AndroidManifest.xml:279:17-78
315-->src/main/AndroidManifest.xml:279:25-75
316
317                <category android:name="android.intent.category.DEFAULT" />
317-->src/main/AndroidManifest.xml:71:17-76
317-->src/main/AndroidManifest.xml:71:27-73
318
319                <data android:mimeType="application/json" />
319-->src/main/AndroidManifest.xml:85:17-52
320            </intent-filter>
321            <intent-filter>
321-->src/main/AndroidManifest.xml:285:13-296:29